<?xml version="1.0" encoding="UTF-8"?>
<!-- Generated by org.testng.reporters.JUnitXMLReporter -->
<testsuite ignored="0" hostname="koushik" failures="2" tests="7" name="Linux-chrome" time="29.259" errors="0" timestamp="2024-08-07T12:27:52 IST">
  <testcase classname="testCases.TC001_AccountRegistrationTest" name="verify_account_registration" time="2.253"/>
  <testcase classname="testCases.TC002_LoginTest" name="verify_login" time="1.287"/>
  <testcase classname="testCases.TC003_LoginDDT" name="verify_loginDDT" time="1.55"/>
  <testcase classname="testCases.TC003_LoginDDT" name="verify_loginDDT" time="1.416">
    <failure type="java.lang.AssertionError" message="expected [true] but found [false]">
      <![CDATA[java.lang.AssertionError: expected [true] but found [false]
at testCases.TC003_LoginDDT.verify_loginDDT(TC003_LoginDDT.java:65)
at java.base/java.util.ArrayList.forEach(ArrayList.java:1511)
... Removed 31 stack frames]]>
    </failure>
  </testcase> <!-- verify_loginDDT -->
  <testcase classname="testCases.TC003_LoginDDT" name="verify_loginDDT" time="1.414">
    <failure type="java.lang.AssertionError" message="expected [true] but found [false]">
      <![CDATA[java.lang.AssertionError: expected [true] but found [false]
at testCases.TC003_LoginDDT.verify_loginDDT(TC003_LoginDDT.java:65)
at java.base/java.util.ArrayList.forEach(ArrayList.java:1511)
... Removed 31 stack frames]]>
    </failure>
  </testcase> <!-- verify_loginDDT -->
  <testcase classname="testCases.TC003_LoginDDT" name="verify_loginDDT" time="11.172"/>
  <testcase classname="testCases.TC003_LoginDDT" name="verify_loginDDT" time="2.021"/>
</testsuite> <!-- Linux-chrome -->
